 RADACC            1    0.000000000000000E+000
 RADACC            2    0.000000000000000E+000
 RADACC            3    0.000000000000000E+000
 RADACC            4    0.000000000000000E+000
 RADACC            5    0.000000000000000E+000
 RADACC            6    0.000000000000000E+000
 RADACC            7    0.000000000000000E+000
 RADACC            8    0.000000000000000E+000
 RADACC            9    0.000000000000000E+000
 RADACC           10    0.000000000000000E+000
 RADACC           11    0.000000000000000E+000
 RADACC           12    0.000000000000000E+000
 RADACC           13    0.000000000000000E+000
 RADACC           14    0.000000000000000E+000
 RADACC           15    0.000000000000000E+000
 RADACC           16    0.000000000000000E+000
 RADACC           17    0.000000000000000E+000
 RADACC           18    0.000000000000000E+000
 RADACC           19    0.000000000000000E+000
 RADACC           20    0.000000000000000E+000
 RADACC           21    0.000000000000000E+000
 RADACC           22    0.000000000000000E+000
 RADACC           23    0.000000000000000E+000
 RADACC           24    0.000000000000000E+000
 RADACC           25    0.000000000000000E+000
 RADACC           26    0.000000000000000E+000
 RADACC           27    0.000000000000000E+000
 RADACC           28    0.000000000000000E+000
 RADACC           29    0.000000000000000E+000
 RADACC           30    0.000000000000000E+000
 RADACC           31    0.000000000000000E+000
 RADACC           32    0.000000000000000E+000
 RADACC           33    0.000000000000000E+000
 RADACC           34    0.000000000000000E+000
 RADACC           35    0.000000000000000E+000
 RADACC           36    0.000000000000000E+000
 RADACC           37     1877.41924927504     
 RADACC           38     1912.29955401605     
 RADACC           39     1988.50443975608     
 RADACC           40     2073.05310814695     
 RADACC           41     2214.97989023882     
 RADACC           42     2376.37118619975     
 RADACC           43     2563.87150188355     
 RADACC           44     2779.39899881765     
 RADACC           45     3304.57889120566     
 RADACC           46     3942.77826761814     
 RADACC           47     4702.33766095443     
 RADACC           48     5535.70021130330     
 RADACC           49     6361.06357820446     
 RADACC           50     7093.53555172579     
 RADACC           51     7675.53896858177     
 RADACC           52     8059.91129099553     
 RADACC           53     8179.58536107318     
 RADACC           54     8230.59099467864     
 RADACC           55     8249.10992166085     
 RADACC           56     8138.61630472636     
 RADACC           57     7978.32342446507     
 RADACC           58     7707.48282281318     
 RADACC           59     7355.17524271969     
 RADACC           60     6980.82158139617     
 RADACC           61     6648.27822128878     
 RADACC           62     6394.62701096127     
 RADACC           63     6225.56271919723     
 RADACC           64     6137.20837243618     
 RADACC           65     6128.01166800552     
 RADACC           66     6179.27709044828     
 RADACC           67     6011.79378738970     
