 RADACC            1    0.000000000000000E+000
 RADACC            2    0.000000000000000E+000
 RADACC            3    0.000000000000000E+000
 RADACC            4    0.000000000000000E+000
 RADACC            5    0.000000000000000E+000
 RADACC            6    0.000000000000000E+000
 RADACC            7    0.000000000000000E+000
 RADACC            8    0.000000000000000E+000
 RADACC            9    0.000000000000000E+000
 RADACC           10    0.000000000000000E+000
 RADACC           11    0.000000000000000E+000
 RADACC           12    0.000000000000000E+000
 RADACC           13    0.000000000000000E+000
 RADACC           14    0.000000000000000E+000
 RADACC           15    0.000000000000000E+000
 RADACC           16    0.000000000000000E+000
 RADACC           17    0.000000000000000E+000
 RADACC           18    0.000000000000000E+000
 RADACC           19    0.000000000000000E+000
 RADACC           20    0.000000000000000E+000
 RADACC           21    0.000000000000000E+000
 RADACC           22    0.000000000000000E+000
 RADACC           23    0.000000000000000E+000
 RADACC           24    0.000000000000000E+000
 RADACC           25    0.000000000000000E+000
 RADACC           26    0.000000000000000E+000
 RADACC           27    0.000000000000000E+000
 RADACC           28    0.000000000000000E+000
 RADACC           29    0.000000000000000E+000
 RADACC           30    0.000000000000000E+000
 RADACC           31    0.000000000000000E+000
 RADACC           32    0.000000000000000E+000
 RADACC           33    0.000000000000000E+000
 RADACC           34    0.000000000000000E+000
 RADACC           35    0.000000000000000E+000
 RADACC           36    0.000000000000000E+000
 RADACC           37     1764.90004312135     
 RADACC           38     1779.44901247493     
 RADACC           39     1811.32570914190     
 RADACC           40     1847.26507693442     
 RADACC           41     1909.86309962040     
 RADACC           42     1984.57451743492     
 RADACC           43     2073.58539612845     
 RADACC           44     2179.41299586264     
 RADACC           45     2453.27031183723     
 RADACC           46     2832.62465007723     
 RADACC           47     3346.34275254743     
 RADACC           48     4017.48897622270     
 RADACC           49     4845.77094826451     
 RADACC           50     5781.77355350558     
 RADACC           51     6712.10316006335     
 RADACC           52     7490.50954926028     
 RADACC           53     8011.10712466327     
 RADACC           54     8201.29146582180     
 RADACC           55     8287.29509898012     
 RADACC           56     8198.39969985262     
 RADACC           57     8017.75937965900     
 RADACC           58     7796.40462452236     
 RADACC           59     7559.96100269623     
 RADACC           60     7320.36300286931     
 RADACC           61     7083.09278422544     
 RADACC           62     6850.70506084506     
 RADACC           63     6624.41237210580     
 RADACC           64     6404.78725893324     
 RADACC           65     6192.08276534363     
 RADACC           66     5986.38756313962     
 RADACC           67     5787.69423195882     
